<testsuites id="" name="" tests="5" failures="5" skipped="0" errors="0" time="38.755589">
<testsuite name="manager-navigation.spec.ts" timestamp="2025-08-23T01:56:40.932Z" hostname="chromium" tests="5" failures="5" skipped="0" time="87.899" errors="0">
<testcase name="현장 관리자 네비게이션 테스트 › 데스크톱 사이드바 네비게이션 테스트" classname="manager-navigation.spec.ts" time="18.469">
<failure message="manager-navigation.spec.ts:23:7 데스크톱 사이드바 네비게이션 테스트" type="FAILURE">
<![CDATA[  [chromium] › manager-navigation.spec.ts:23:7 › 현장 관리자 네비게이션 테스트 › 데스크톱 사이드바 네비게이션 테스트 ────────────

    TimeoutError: page.fill: Timeout 15000ms exceeded.
    Call log:
      - waiting for locator('input[name="email"]')


      11 |     
      12 |     // 로그인 수행
    > 13 |     await page.fill('input[name="email"]', 'manager@inopnc.com');
         |                ^
      14 |     await page.fill('input[name="password"]', 'password123');
      15 |     await page.click('button[type="submit"]');
      16 |     
        at /Users/davidyang/workspace/INOPNC_WM_20250731/e2e/manager-navigation.spec.ts:13:16

    attachment #1: screenshot (image/png) ──────────────────────────────────────────────────────────
    ../test-results/manager-navigation-현장-관리자-네비게이션-테스트-데스크톱-사이드바-네비게이션-테스트-chromium/test-failed-1.png
    ────────────────────────────────────────────────────────────────────────────────────────────────

    attachment #2: video (video/webm) ──────────────────────────────────────────────────────────────
    ../test-results/manager-navigation-현장-관리자-네비게이션-테스트-데스크톱-사이드바-네비게이션-테스트-chromium/video.webm
    ────────────────────────────────────────────────────────────────────────────────────────────────

    Error Context: ../test-results/manager-navigation-현장-관리자-네비게이션-테스트-데스크톱-사이드바-네비게이션-테스트-chromium/error-context.md
]]>
</failure>
<system-out>
<![CDATA[🔐 현장 관리자 계정으로 로그인 시작...

==================================================
📊 현장 관리자 네비게이션 테스트 완료
==================================================

[[ATTACHMENT|manager-navigation-현장-관리자-네비게이션-테스트-데스크톱-사이드바-네비게이션-테스트-chromium/test-failed-1.png]]

[[ATTACHMENT|manager-navigation-현장-관리자-네비게이션-테스트-데스크톱-사이드바-네비게이션-테스트-chromium/video.webm]]

[[ATTACHMENT|manager-navigation-현장-관리자-네비게이션-테스트-데스크톱-사이드바-네비게이션-테스트-chromium/error-context.md]]
]]>
</system-out>
</testcase>
<testcase name="현장 관리자 네비게이션 테스트 › 모바일 하단바 네비게이션 테스트" classname="manager-navigation.spec.ts" time="16.709">
<failure message="manager-navigation.spec.ts:75:7 모바일 하단바 네비게이션 테스트" type="FAILURE">
<![CDATA[  [chromium] › manager-navigation.spec.ts:75:7 › 현장 관리자 네비게이션 테스트 › 모바일 하단바 네비게이션 테스트 ──────────────

    TimeoutError: page.fill: Timeout 15000ms exceeded.
    Call log:
      - waiting for locator('input[name="email"]')


      11 |     
      12 |     // 로그인 수행
    > 13 |     await page.fill('input[name="email"]', 'manager@inopnc.com');
         |                ^
      14 |     await page.fill('input[name="password"]', 'password123');
      15 |     await page.click('button[type="submit"]');
      16 |     
        at /Users/davidyang/workspace/INOPNC_WM_20250731/e2e/manager-navigation.spec.ts:13:16

    attachment #1: screenshot (image/png) ──────────────────────────────────────────────────────────
    ../test-results/manager-navigation-현장-관리자-네비게이션-테스트-모바일-하단바-네비게이션-테스트-chromium/test-failed-1.png
    ────────────────────────────────────────────────────────────────────────────────────────────────

    attachment #2: video (video/webm) ──────────────────────────────────────────────────────────────
    ../test-results/manager-navigation-현장-관리자-네비게이션-테스트-모바일-하단바-네비게이션-테스트-chromium/video.webm
    ────────────────────────────────────────────────────────────────────────────────────────────────

    Error Context: ../test-results/manager-navigation-현장-관리자-네비게이션-테스트-모바일-하단바-네비게이션-테스트-chromium/error-context.md
]]>
</failure>
<system-out>
<![CDATA[🔐 현장 관리자 계정으로 로그인 시작...

==================================================
📊 현장 관리자 네비게이션 테스트 완료
==================================================

[[ATTACHMENT|manager-navigation-현장-관리자-네비게이션-테스트-모바일-하단바-네비게이션-테스트-chromium/test-failed-1.png]]

[[ATTACHMENT|manager-navigation-현장-관리자-네비게이션-테스트-모바일-하단바-네비게이션-테스트-chromium/video.webm]]

[[ATTACHMENT|manager-navigation-현장-관리자-네비게이션-테스트-모바일-하단바-네비게이션-테스트-chromium/error-context.md]]
]]>
</system-out>
</testcase>
<testcase name="현장 관리자 네비게이션 테스트 › 모바일 햄버거 메뉴 테스트" classname="manager-navigation.spec.ts" time="17.627">
<failure message="manager-navigation.spec.ts:123:7 모바일 햄버거 메뉴 테스트" type="FAILURE">
<![CDATA[  [chromium] › manager-navigation.spec.ts:123:7 › 현장 관리자 네비게이션 테스트 › 모바일 햄버거 메뉴 테스트 ────────────────

    TimeoutError: page.fill: Timeout 15000ms exceeded.
    Call log:
      - waiting for locator('input[name="email"]')


      11 |     
      12 |     // 로그인 수행
    > 13 |     await page.fill('input[name="email"]', 'manager@inopnc.com');
         |                ^
      14 |     await page.fill('input[name="password"]', 'password123');
      15 |     await page.click('button[type="submit"]');
      16 |     
        at /Users/davidyang/workspace/INOPNC_WM_20250731/e2e/manager-navigation.spec.ts:13:16

    attachment #1: screenshot (image/png) ──────────────────────────────────────────────────────────
    ../test-results/manager-navigation-현장-관리자-네비게이션-테스트-모바일-햄버거-메뉴-테스트-chromium/test-failed-1.png
    ────────────────────────────────────────────────────────────────────────────────────────────────

    attachment #2: video (video/webm) ──────────────────────────────────────────────────────────────
    ../test-results/manager-navigation-현장-관리자-네비게이션-테스트-모바일-햄버거-메뉴-테스트-chromium/video.webm
    ────────────────────────────────────────────────────────────────────────────────────────────────

    Error Context: ../test-results/manager-navigation-현장-관리자-네비게이션-테스트-모바일-햄버거-메뉴-테스트-chromium/error-context.md
]]>
</failure>
<system-out>
<![CDATA[🔐 현장 관리자 계정으로 로그인 시작...

==================================================
📊 현장 관리자 네비게이션 테스트 완료
==================================================

[[ATTACHMENT|manager-navigation-현장-관리자-네비게이션-테스트-모바일-햄버거-메뉴-테스트-chromium/test-failed-1.png]]

[[ATTACHMENT|manager-navigation-현장-관리자-네비게이션-테스트-모바일-햄버거-메뉴-테스트-chromium/video.webm]]

[[ATTACHMENT|manager-navigation-현장-관리자-네비게이션-테스트-모바일-햄버거-메뉴-테스트-chromium/error-context.md]]
]]>
</system-out>
</testcase>
<testcase name="현장 관리자 네비게이션 테스트 › 반응형 레이아웃 전환 테스트" classname="manager-navigation.spec.ts" time="16.838">
<failure message="manager-navigation.spec.ts:170:7 반응형 레이아웃 전환 테스트" type="FAILURE">
<![CDATA[  [chromium] › manager-navigation.spec.ts:170:7 › 현장 관리자 네비게이션 테스트 › 반응형 레이아웃 전환 테스트 ───────────────

    TimeoutError: page.fill: Timeout 15000ms exceeded.
    Call log:
      - waiting for locator('input[name="email"]')


      11 |     
      12 |     // 로그인 수행
    > 13 |     await page.fill('input[name="email"]', 'manager@inopnc.com');
         |                ^
      14 |     await page.fill('input[name="password"]', 'password123');
      15 |     await page.click('button[type="submit"]');
      16 |     
        at /Users/davidyang/workspace/INOPNC_WM_20250731/e2e/manager-navigation.spec.ts:13:16

    attachment #1: screenshot (image/png) ──────────────────────────────────────────────────────────
    ../test-results/manager-navigation-현장-관리자-네비게이션-테스트-반응형-레이아웃-전환-테스트-chromium/test-failed-1.png
    ────────────────────────────────────────────────────────────────────────────────────────────────

    attachment #2: video (video/webm) ──────────────────────────────────────────────────────────────
    ../test-results/manager-navigation-현장-관리자-네비게이션-테스트-반응형-레이아웃-전환-테스트-chromium/video.webm
    ────────────────────────────────────────────────────────────────────────────────────────────────

    Error Context: ../test-results/manager-navigation-현장-관리자-네비게이션-테스트-반응형-레이아웃-전환-테스트-chromium/error-context.md
]]>
</failure>
<system-out>
<![CDATA[🔐 현장 관리자 계정으로 로그인 시작...

==================================================
📊 현장 관리자 네비게이션 테스트 완료
==================================================

[[ATTACHMENT|manager-navigation-현장-관리자-네비게이션-테스트-반응형-레이아웃-전환-테스트-chromium/test-failed-1.png]]

[[ATTACHMENT|manager-navigation-현장-관리자-네비게이션-테스트-반응형-레이아웃-전환-테스트-chromium/video.webm]]

[[ATTACHMENT|manager-navigation-현장-관리자-네비게이션-테스트-반응형-레이아웃-전환-테스트-chromium/error-context.md]]
]]>
</system-out>
</testcase>
<testcase name="현장 관리자 네비게이션 테스트 › 네비게이션 활성 상태 테스트" classname="manager-navigation.spec.ts" time="18.256">
<failure message="manager-navigation.spec.ts:200:7 네비게이션 활성 상태 테스트" type="FAILURE">
<![CDATA[  [chromium] › manager-navigation.spec.ts:200:7 › 현장 관리자 네비게이션 테스트 › 네비게이션 활성 상태 테스트 ───────────────

    TimeoutError: page.fill: Timeout 15000ms exceeded.
    Call log:
      - waiting for locator('input[name="email"]')


      11 |     
      12 |     // 로그인 수행
    > 13 |     await page.fill('input[name="email"]', 'manager@inopnc.com');
         |                ^
      14 |     await page.fill('input[name="password"]', 'password123');
      15 |     await page.click('button[type="submit"]');
      16 |     
        at /Users/davidyang/workspace/INOPNC_WM_20250731/e2e/manager-navigation.spec.ts:13:16

    attachment #1: screenshot (image/png) ──────────────────────────────────────────────────────────
    ../test-results/manager-navigation-현장-관리자-네비게이션-테스트-네비게이션-활성-상태-테스트-chromium/test-failed-1.png
    ────────────────────────────────────────────────────────────────────────────────────────────────

    attachment #2: video (video/webm) ──────────────────────────────────────────────────────────────
    ../test-results/manager-navigation-현장-관리자-네비게이션-테스트-네비게이션-활성-상태-테스트-chromium/video.webm
    ────────────────────────────────────────────────────────────────────────────────────────────────

    Error Context: ../test-results/manager-navigation-현장-관리자-네비게이션-테스트-네비게이션-활성-상태-테스트-chromium/error-context.md
]]>
</failure>
<system-out>
<![CDATA[🔐 현장 관리자 계정으로 로그인 시작...

==================================================
📊 현장 관리자 네비게이션 테스트 완료
==================================================

[[ATTACHMENT|manager-navigation-현장-관리자-네비게이션-테스트-네비게이션-활성-상태-테스트-chromium/test-failed-1.png]]

[[ATTACHMENT|manager-navigation-현장-관리자-네비게이션-테스트-네비게이션-활성-상태-테스트-chromium/video.webm]]

[[ATTACHMENT|manager-navigation-현장-관리자-네비게이션-테스트-네비게이션-활성-상태-테스트-chromium/error-context.md]]
]]>
</system-out>
</testcase>
</testsuite>
</testsuites>